<?xml version="1.0" encoding="UTF-8"?>
<testsuite xmlns:xsi="http://www.w3.org/2001/XMLSchema-instance" xsi:noNamespaceSchemaLocation="https://maven.apache.org/surefire/maven-surefire-plugin/xsd/surefire-test-report-3.0.xsd" version="3.0" name="com.neotech.runners.RegressionRunner" time="14.235" tests="1" errors="0" skipped="0" failures="1">
  <properties>
[...]
</properties>
  <testcase name="Dasboard menu items for Admin" classname="Dashboard menu" time="9.899">
    <failure message="expected:&lt;[Admin, PIM, My Info, Discipline, Reports Catalog, More, Maintenance]&gt; but was:&lt;[Admin, PIM, My Info, Discipline, Reports Catalog, More&#10;Announcements&#10;Documents&#10;News&#10;Dashboard&#10;Buzz&#10;Directory&#10;Organization Chart&#10;Preferences&#10;Assets, Maintenance]&gt;" type="java.lang.AssertionError"><![CDATA[java.lang.AssertionError: 
expected:<[Admin, PIM, My Info, Discipline, Reports Catalog, More, Maintenance]> but was:<[Admin, PIM, My Info, Discipline, Reports Catalog, More
Announcements
Documents
News
Dashboard
Buzz
Directory
Organization Chart
Preferences
Assets, Maintenance]>
	at org.junit.Assert.fail(Assert.java:89)
	at org.junit.Assert.failNotEquals(Assert.java:835)
	at org.junit.Assert.assertEquals(Assert.java:120)
	at org.junit.Assert.assertEquals(Assert.java:146)
	at com.neotech.steps.DashboardSteps.i_want_to_validate_them_items_on_the_menu(DashboardSteps.java:41)
	at ✽.I want to validate them items on the menu(file:///Users/abitsoylu/eclipse-workspace/CucumberFrameWorkAbit7/src/test/resources/features/Dashboard.feature:8)
]]></failure>
    <system-out><![CDATA[expectedList is: [Admin, PIM, My Info, Discipline, Reports Catalog, More, Maintenance]
actualList is: [Admin, PIM, My Info, Discipline, Reports Catalog, More
Announcements
Documents
News
Dashboard
Buzz
Directory
Organization Chart
Preferences
Assets, Maintenance]
]]></system-out>
    <system-err><![CDATA[Sep 29, 2024 11:52:57 AM org.openqa.selenium.devtools.CdpVersionFinder findNearestMatch
WARNING: Unable to find CDP implementation matching 129
Sep 29, 2024 11:52:57 AM org.openqa.selenium.chromium.ChromiumDriver lambda$new$5
WARNING: Unable to find version of CDP to use for 129.0.6668.60. You may need to include a dependency on a specific version of the CDP using something similar to `org.seleniumhq.selenium:selenium-devtools-v86:4.19.1` where the version ("v86") matches the version of the chromium-based browser you're using and the version number of the artifact is the same as Selenium's.
]]></system-err>
  </testcase>
</testsuite>